The target system is: Generic - 1 - armv7-a
The host system is: MINGW64_NT-6.1 - 2.10.0(0.325/5/3) - unknown
Compiling the C compiler identification source file "CMakeCCompilerId.c" succeeded.
Compiler: /usr/local/vitasdk/bin/arm-vita-eabi-gcc 
Build flags: ;-Wl,-q
Id flags:  

The output was:
0


Compilation of the C compiler identification source "CMakeCCompilerId.c" produced "a.out"

The C compiler identification is GNU, found in "/NCES-PSV/vita/build/CMakeFiles/3.10.2/CompilerIdC/a.out"

Compiling the CXX compiler identification source file "CMakeCXXCompilerId.cpp" succeeded.
Compiler: /usr/local/vitasdk/bin/arm-vita-eabi-g++ 
Build flags: ;-Wl,-q
Id flags:  

The output was:
0


Compilation of the CXX compiler identification source "CMakeCXXCompilerId.cpp" produced "a.out"

The CXX compiler identification is GNU, found in "/NCES-PSV/vita/build/CMakeFiles/3.10.2/CompilerIdCXX/a.out"

Determining if the C compiler works passed with the following output:
Change Dir: /NCES-PSV/vita/build/CMakeFiles/CMakeTmp

Run Build Command:"/usr/bin/make.exe" "cmTC_9ef15/fast"
/usr/bin/make -f CMakeFiles/cmTC_9ef15.dir/build.make CMakeFiles/cmTC_9ef15.dir/build
make[1]: Entering directory '/NCES-PSV/vita/build/CMakeFiles/CMakeTmp'
Building C object CMakeFiles/cmTC_9ef15.dir/testCCompiler.c.obj
/usr/local/vitasdk/bin/arm-vita-eabi-gcc   -Wl,-q    -o CMakeFiles/cmTC_9ef15.dir/testCCompiler.c.obj   -c /NCES-PSV/vita/build/CMakeFiles/CMakeTmp/testCCompiler.c
Linking C executable cmTC_9ef15
/usr/bin/cmake.exe -E cmake_link_script CMakeFiles/cmTC_9ef15.dir/link.txt --verbose=1
/usr/local/vitasdk/bin/arm-vita-eabi-gcc  -Wl,-q   -Wl,-z,nocopyreloc  CMakeFiles/cmTC_9ef15.dir/testCCompiler.c.obj  -o cmTC_9ef15 
make[1]: Leaving directory '/NCES-PSV/vita/build/CMakeFiles/CMakeTmp'


Detecting C compiler ABI info compiled with the following output:
Change Dir: /NCES-PSV/vita/build/CMakeFiles/CMakeTmp

Run Build Command:"/usr/bin/make.exe" "cmTC_bb5f5/fast"
/usr/bin/make -f CMakeFiles/cmTC_bb5f5.dir/build.make CMakeFiles/cmTC_bb5f5.dir/build
make[1]: Entering directory '/NCES-PSV/vita/build/CMakeFiles/CMakeTmp'
Building C object CMakeFiles/cmTC_bb5f5.dir/CMakeCCompilerABI.c.obj
/usr/local/vitasdk/bin/arm-vita-eabi-gcc   -Wl,-q    -o CMakeFiles/cmTC_bb5f5.dir/CMakeCCompilerABI.c.obj   -c /usr/share/cmake-3.10.2/Modules/CMakeCCompilerABI.c
Linking C executable cmTC_bb5f5
/usr/bin/cmake.exe -E cmake_link_script CMakeFiles/cmTC_bb5f5.dir/link.txt --verbose=1
/usr/local/vitasdk/bin/arm-vita-eabi-gcc  -Wl,-q   -Wl,-z,nocopyreloc -v CMakeFiles/cmTC_bb5f5.dir/CMakeCCompilerABI.c.obj  -o cmTC_bb5f5 
Using built-in specs.
COLLECT_GCC=C:\msys64\usr\local\vitasdk\bin\arm-vita-eabi-gcc.exe
COLLECT_LTO_WRAPPER=c:/msys64/usr/local/vitasdk/bin/../lib/gcc/arm-vita-eabi/7.3.0/lto-wrapper.exe
Target: arm-vita-eabi
Configured with: /home/travis/build/vitasdk/autobuilds/buildscripts/build/gcc-final-prefix/src/gcc-final/configure --build=x86_64-linux-gnu --host=x86_64-w64-mingw32 --target=arm-vita-eabi --prefix=/home/travis/build/vitasdk/autobuilds/buildscripts/build/vitasdk --libdir=/home/travis/build/vitasdk/autobuilds/buildscripts/build/vitasdk/lib --libexecdir=/home/travis/build/vitasdk/autobuilds/buildscripts/build/vitasdk/lib --with-sysroot=/home/travis/build/vitasdk/autobuilds/buildscripts/build/vitasdk/arm-vita-eabi --with-gmp=/home/travis/build/vitasdk/autobuilds/buildscripts/build/deps_host --with-mpfr=/home/travis/build/vitasdk/autobuilds/buildscripts/build/deps_host --with-mpc=/home/travis/build/vitasdk/autobuilds/buildscripts/build/deps_host --with-isl=/home/travis/build/vitasdk/autobuilds/buildscripts/build/deps_host --with-libelf=/home/travis/build/vitasdk/autobuilds/buildscripts/build/deps_host --with-python-dir=share/gcc-arm-vita-eabi --enable-languages=c,c++ --disable-decimal-float --disable-libffi --disable-libgomp --disable-libmudflap --disable-libquadmath --disable-libssp --disable-libstdcxx-pch --disable-nls --disable-shared --disable-tls --with-gnu-as --with-gnu-ld --with-newlib --disable-multilib --with-arch=armv7-a --with-tune=cortex-a9 --with-fpu=neon --with-float=hard --with-mode=thumb --with-pkgversion='GNU Tools for ARM Embedded Processors' --with-host-libstdcxx='-static-libgcc -Wl,-Bstatic,-lstdc++,-Bdynamic -lm' --with-headers=yes --enable-threads=posix
Thread model: posix
gcc version 7.3.0 (GNU Tools for ARM Embedded Processors) 
COMPILER_PATH=c:/msys64/usr/local/vitasdk/bin/../lib/gcc/arm-vita-eabi/7.3.0/;c:/msys64/usr/local/vitasdk/bin/../lib/gcc/;c:/msys64/usr/local/vitasdk/bin/../lib/gcc/arm-vita-eabi/7.3.0/../../../../arm-vita-eabi/bin/
LIBRARY_PATH=c:/msys64/usr/local/vitasdk/bin/../lib/gcc/arm-vita-eabi/7.3.0/;c:/msys64/usr/local/vitasdk/bin/../lib/gcc/;c:/msys64/usr/local/vitasdk/bin/../lib/gcc/arm-vita-eabi/7.3.0/../../../../arm-vita-eabi/lib/;c:/msys64/usr/local/vitasdk/bin/../arm-vita-eabi/lib/
COLLECT_GCC_OPTIONS='-v' '-o' 'cmTC_bb5f5' '-march=armv7-a' '-mtune=cortex-a9' '-mfloat-abi=hard' '-mfpu=neon' '-mthumb'
 c:/msys64/usr/local/vitasdk/bin/../lib/gcc/arm-vita-eabi/7.3.0/collect2.exe -plugin c:/msys64/usr/local/vitasdk/bin/../lib/gcc/arm-vita-eabi/7.3.0/liblto_plugin-0.dll -plugin-opt=c:/msys64/usr/local/vitasdk/bin/../lib/gcc/arm-vita-eabi/7.3.0/lto-wrapper.exe -plugin-opt=-fresolution=C:\msys64\tmp\cclHhOSL.res -plugin-opt=-pass-through=-lgcc -plugin-opt=-pass-through=-lc -plugin-opt=-pass-through=-lSceRtc_stub -plugin-opt=-pass-through=-lSceSysmem_stub -plugin-opt=-pass-through=-lSceKernelThreadMgr_stub -plugin-opt=-pass-through=-lSceKernelModulemgr_stub -plugin-opt=-pass-through=-lSceIofilemgr_stub -plugin-opt=-pass-through=-lSceProcessmgr_stub -plugin-opt=-pass-through=-lSceLibKernel_stub -plugin-opt=-pass-through=-lSceNet_stub --sysroot=c:\msys64\usr\local\vitasdk\bin\../arm-vita-eabi -X -o cmTC_bb5f5 c:/msys64/usr/local/vitasdk/bin/../lib/gcc/arm-vita-eabi/7.3.0/crti.o c:/msys64/usr/local/vitasdk/bin/../lib/gcc/arm-vita-eabi/7.3.0/crtbegin.o c:/msys64/usr/local/vitasdk/bin/../lib/gcc/arm-vita-eabi/7.3.0/../../../../arm-vita-eabi/lib/crt0.o -Lc:/msys64/usr/local/vitasdk/bin/../lib/gcc/arm-vita-eabi/7.3.0 -Lc:/msys64/usr/local/vitasdk/bin/../lib/gcc -Lc:/msys64/usr/local/vitasdk/bin/../lib/gcc/arm-vita-eabi/7.3.0/../../../../arm-vita-eabi/lib -Lc:/msys64/usr/local/vitasdk/bin/../arm-vita-eabi/lib -q -z nocopyreloc CMakeFiles/cmTC_bb5f5.dir/CMakeCCompilerABI.c.obj --start-group -lgcc -lc -lSceRtc_stub -lSceSysmem_stub -lSceKernelThreadMgr_stub -lSceKernelModulemgr_stub -lSceIofilemgr_stub -lSceProcessmgr_stub -lSceLibKernel_stub -lSceNet_stub --end-group c:/msys64/usr/local/vitasdk/bin/../lib/gcc/arm-vita-eabi/7.3.0/crtend.o c:/msys64/usr/local/vitasdk/bin/../lib/gcc/arm-vita-eabi/7.3.0/crtn.o
COLLECT_GCC_OPTIONS='-v' '-o' 'cmTC_bb5f5' '-march=armv7-a' '-mtune=cortex-a9' '-mfloat-abi=hard' '-mfpu=neon' '-mthumb'
make[1]: Leaving directory '/NCES-PSV/vita/build/CMakeFiles/CMakeTmp'


Parsed C implicit link information from above output:
  link line regex: [^( *|.*[/\])(arm-vita-eabi-ld|CMAKE_LINK_STARTFILE-NOTFOUND|([^/\]+-)?ld|collect2)[^/\]*( |$)]
  ignore line: [Change Dir: /NCES-PSV/vita/build/CMakeFiles/CMakeTmp]
  ignore line: []
  ignore line: [Run Build Command:"/usr/bin/make.exe" "cmTC_bb5f5/fast"]
  ignore line: [/usr/bin/make -f CMakeFiles/cmTC_bb5f5.dir/build.make CMakeFiles/cmTC_bb5f5.dir/build]
  ignore line: [make[1]: Entering directory '/NCES-PSV/vita/build/CMakeFiles/CMakeTmp']
  ignore line: [Building C object CMakeFiles/cmTC_bb5f5.dir/CMakeCCompilerABI.c.obj]
  ignore line: [/usr/local/vitasdk/bin/arm-vita-eabi-gcc   -Wl,-q    -o CMakeFiles/cmTC_bb5f5.dir/CMakeCCompilerABI.c.obj   -c /usr/share/cmake-3.10.2/Modules/CMakeCCompilerABI.c]
  ignore line: [Linking C executable cmTC_bb5f5]
  ignore line: [/usr/bin/cmake.exe -E cmake_link_script CMakeFiles/cmTC_bb5f5.dir/link.txt --verbose=1]
  ignore line: [/usr/local/vitasdk/bin/arm-vita-eabi-gcc  -Wl,-q   -Wl,-z,nocopyreloc -v CMakeFiles/cmTC_bb5f5.dir/CMakeCCompilerABI.c.obj  -o cmTC_bb5f5 ]
  ignore line: [Using built-in specs.]
  ignore line: [COLLECT_GCC=C:\msys64\usr\local\vitasdk\bin\arm-vita-eabi-gcc.exe]
  ignore line: [COLLECT_LTO_WRAPPER=c:/msys64/usr/local/vitasdk/bin/../lib/gcc/arm-vita-eabi/7.3.0/lto-wrapper.exe]
  ignore line: [Target: arm-vita-eabi]
  ignore line: [Configured with: /home/travis/build/vitasdk/autobuilds/buildscripts/build/gcc-final-prefix/src/gcc-final/configure --build=x86_64-linux-gnu --host=x86_64-w64-mingw32 --target=arm-vita-eabi --prefix=/home/travis/build/vitasdk/autobuilds/buildscripts/build/vitasdk --libdir=/home/travis/build/vitasdk/autobuilds/buildscripts/build/vitasdk/lib --libexecdir=/home/travis/build/vitasdk/autobuilds/buildscripts/build/vitasdk/lib --with-sysroot=/home/travis/build/vitasdk/autobuilds/buildscripts/build/vitasdk/arm-vita-eabi --with-gmp=/home/travis/build/vitasdk/autobuilds/buildscripts/build/deps_host --with-mpfr=/home/travis/build/vitasdk/autobuilds/buildscripts/build/deps_host --with-mpc=/home/travis/build/vitasdk/autobuilds/buildscripts/build/deps_host --with-isl=/home/travis/build/vitasdk/autobuilds/buildscripts/build/deps_host --with-libelf=/home/travis/build/vitasdk/autobuilds/buildscripts/build/deps_host --with-python-dir=share/gcc-arm-vita-eabi --enable-languages=c,c++ --disable-decimal-float --disable-libffi --disable-libgomp --disable-libmudflap --disable-libquadmath --disable-libssp --disable-libstdcxx-pch --disable-nls --disable-shared --disable-tls --with-gnu-as --with-gnu-ld --with-newlib --disable-multilib --with-arch=armv7-a --with-tune=cortex-a9 --with-fpu=neon --with-float=hard --with-mode=thumb --with-pkgversion='GNU Tools for ARM Embedded Processors' --with-host-libstdcxx='-static-libgcc -Wl,-Bstatic,-lstdc++,-Bdynamic -lm' --with-headers=yes --enable-threads=posix]
  ignore line: [Thread model: posix]
  ignore line: [gcc version 7.3.0 (GNU Tools for ARM Embedded Processors) ]
  ignore line: [COMPILER_PATH=c:/msys64/usr/local/vitasdk/bin/../lib/gcc/arm-vita-eabi/7.3.0/]
  ignore line: [c:/msys64/usr/local/vitasdk/bin/../lib/gcc/]
  ignore line: [c:/msys64/usr/local/vitasdk/bin/../lib/gcc/arm-vita-eabi/7.3.0/../../../../arm-vita-eabi/bin/]
  ignore line: [LIBRARY_PATH=c:/msys64/usr/local/vitasdk/bin/../lib/gcc/arm-vita-eabi/7.3.0/]
  ignore line: [c:/msys64/usr/local/vitasdk/bin/../lib/gcc/]
  ignore line: [c:/msys64/usr/local/vitasdk/bin/../lib/gcc/arm-vita-eabi/7.3.0/../../../../arm-vita-eabi/lib/]
  ignore line: [c:/msys64/usr/local/vitasdk/bin/../arm-vita-eabi/lib/]
  ignore line: [COLLECT_GCC_OPTIONS='-v' '-o' 'cmTC_bb5f5' '-march=armv7-a' '-mtune=cortex-a9' '-mfloat-abi=hard' '-mfpu=neon' '-mthumb']
  link line: [ c:/msys64/usr/local/vitasdk/bin/../lib/gcc/arm-vita-eabi/7.3.0/collect2.exe -plugin c:/msys64/usr/local/vitasdk/bin/../lib/gcc/arm-vita-eabi/7.3.0/liblto_plugin-0.dll -plugin-opt=c:/msys64/usr/local/vitasdk/bin/../lib/gcc/arm-vita-eabi/7.3.0/lto-wrapper.exe -plugin-opt=-fresolution=C:\msys64\tmp\cclHhOSL.res -plugin-opt=-pass-through=-lgcc -plugin-opt=-pass-through=-lc -plugin-opt=-pass-through=-lSceRtc_stub -plugin-opt=-pass-through=-lSceSysmem_stub -plugin-opt=-pass-through=-lSceKernelThreadMgr_stub -plugin-opt=-pass-through=-lSceKernelModulemgr_stub -plugin-opt=-pass-through=-lSceIofilemgr_stub -plugin-opt=-pass-through=-lSceProcessmgr_stub -plugin-opt=-pass-through=-lSceLibKernel_stub -plugin-opt=-pass-through=-lSceNet_stub --sysroot=c:\msys64\usr\local\vitasdk\bin\../arm-vita-eabi -X -o cmTC_bb5f5 c:/msys64/usr/local/vitasdk/bin/../lib/gcc/arm-vita-eabi/7.3.0/crti.o c:/msys64/usr/local/vitasdk/bin/../lib/gcc/arm-vita-eabi/7.3.0/crtbegin.o c:/msys64/usr/local/vitasdk/bin/../lib/gcc/arm-vita-eabi/7.3.0/../../../../arm-vita-eabi/lib/crt0.o -Lc:/msys64/usr/local/vitasdk/bin/../lib/gcc/arm-vita-eabi/7.3.0 -Lc:/msys64/usr/local/vitasdk/bin/../lib/gcc -Lc:/msys64/usr/local/vitasdk/bin/../lib/gcc/arm-vita-eabi/7.3.0/../../../../arm-vita-eabi/lib -Lc:/msys64/usr/local/vitasdk/bin/../arm-vita-eabi/lib -q -z nocopyreloc CMakeFiles/cmTC_bb5f5.dir/CMakeCCompilerABI.c.obj --start-group -lgcc -lc -lSceRtc_stub -lSceSysmem_stub -lSceKernelThreadMgr_stub -lSceKernelModulemgr_stub -lSceIofilemgr_stub -lSceProcessmgr_stub -lSceLibKernel_stub -lSceNet_stub --end-group c:/msys64/usr/local/vitasdk/bin/../lib/gcc/arm-vita-eabi/7.3.0/crtend.o c:/msys64/usr/local/vitasdk/bin/../lib/gcc/arm-vita-eabi/7.3.0/crtn.o]
    arg [c:/msys64/usr/local/vitasdk/bin/../lib/gcc/arm-vita-eabi/7.3.0/collect2.exe] ==> ignore
    arg [-plugin] ==> ignore
    arg [c:/msys64/usr/local/vitasdk/bin/../lib/gcc/arm-vita-eabi/7.3.0/liblto_plugin-0.dll] ==> ignore
    arg [-plugin-opt=c:/msys64/usr/local/vitasdk/bin/../lib/gcc/arm-vita-eabi/7.3.0/lto-wrapper.exe] ==> ignore
    arg [-plugin-opt=-fresolution=C:msys64tmpcclHhOSL.res] ==> ignore
    arg [-plugin-opt=-pass-through=-lgcc] ==> ignore
    arg [-plugin-opt=-pass-through=-lc] ==> ignore
    arg [-plugin-opt=-pass-through=-lSceRtc_stub] ==> ignore
    arg [-plugin-opt=-pass-through=-lSceSysmem_stub] ==> ignore
    arg [-plugin-opt=-pass-through=-lSceKernelThreadMgr_stub] ==> ignore
    arg [-plugin-opt=-pass-through=-lSceKernelModulemgr_stub] ==> ignore
    arg [-plugin-opt=-pass-through=-lSceIofilemgr_stub] ==> ignore
    arg [-plugin-opt=-pass-through=-lSceProcessmgr_stub] ==> ignore
    arg [-plugin-opt=-pass-through=-lSceLibKernel_stub] ==> ignore
    arg [-plugin-opt=-pass-through=-lSceNet_stub] ==> ignore
    arg [--sysroot=c:msys64usrlocalvitasdkbin../arm-vita-eabi] ==> ignore
    arg [-X] ==> ignore
    arg [-o] ==> ignore
    arg [cmTC_bb5f5] ==> ignore
    arg [c:/msys64/usr/local/vitasdk/bin/../lib/gcc/arm-vita-eabi/7.3.0/crti.o] ==> ignore
    arg [c:/msys64/usr/local/vitasdk/bin/../lib/gcc/arm-vita-eabi/7.3.0/crtbegin.o] ==> ignore
    arg [c:/msys64/usr/local/vitasdk/bin/../lib/gcc/arm-vita-eabi/7.3.0/../../../../arm-vita-eabi/lib/crt0.o] ==> ignore
    arg [-Lc:/msys64/usr/local/vitasdk/bin/../lib/gcc/arm-vita-eabi/7.3.0] ==> dir [c:/msys64/usr/local/vitasdk/bin/../lib/gcc/arm-vita-eabi/7.3.0]
    arg [-Lc:/msys64/usr/local/vitasdk/bin/../lib/gcc] ==> dir [c:/msys64/usr/local/vitasdk/bin/../lib/gcc]
    arg [-Lc:/msys64/usr/local/vitasdk/bin/../lib/gcc/arm-vita-eabi/7.3.0/../../../../arm-vita-eabi/lib] ==> dir [c:/msys64/usr/local/vitasdk/bin/../lib/gcc/arm-vita-eabi/7.3.0/../../../../arm-vita-eabi/lib]
    arg [-Lc:/msys64/usr/local/vitasdk/bin/../arm-vita-eabi/lib] ==> dir [c:/msys64/usr/local/vitasdk/bin/../arm-vita-eabi/lib]
    arg [-q] ==> ignore
    arg [-znocopyreloc] ==> ignore
    arg [CMakeFiles/cmTC_bb5f5.dir/CMakeCCompilerABI.c.obj] ==> ignore
    arg [--start-group] ==> ignore
    arg [-lgcc] ==> lib [gcc]
    arg [-lc] ==> lib [c]
    arg [-lSceRtc_stub] ==> lib [SceRtc_stub]
    arg [-lSceSysmem_stub] ==> lib [SceSysmem_stub]
    arg [-lSceKernelThreadMgr_stub] ==> lib [SceKernelThreadMgr_stub]
    arg [-lSceKernelModulemgr_stub] ==> lib [SceKernelModulemgr_stub]
    arg [-lSceIofilemgr_stub] ==> lib [SceIofilemgr_stub]
    arg [-lSceProcessmgr_stub] ==> lib [SceProcessmgr_stub]
    arg [-lSceLibKernel_stub] ==> lib [SceLibKernel_stub]
    arg [-lSceNet_stub] ==> lib [SceNet_stub]
    arg [--end-group] ==> ignore
    arg [c:/msys64/usr/local/vitasdk/bin/../lib/gcc/arm-vita-eabi/7.3.0/crtend.o] ==> ignore
    arg [c:/msys64/usr/local/vitasdk/bin/../lib/gcc/arm-vita-eabi/7.3.0/crtn.o] ==> ignore
  collapse library dir [c:/msys64/usr/local/vitasdk/bin/../lib/gcc/arm-vita-eabi/7.3.0] ==> [c:/msys64/usr/local/vitasdk/lib/gcc/arm-vita-eabi/7.3.0]
  collapse library dir [c:/msys64/usr/local/vitasdk/bin/../lib/gcc] ==> [c:/msys64/usr/local/vitasdk/lib/gcc]
  collapse library dir [c:/msys64/usr/local/vitasdk/bin/../lib/gcc/arm-vita-eabi/7.3.0/../../../../arm-vita-eabi/lib] ==> [c:/msys64/usr/local/vitasdk/arm-vita-eabi/lib]
  collapse library dir [c:/msys64/usr/local/vitasdk/bin/../arm-vita-eabi/lib] ==> [c:/msys64/usr/local/vitasdk/arm-vita-eabi/lib]
  implicit libs: [gcc;c;SceRtc_stub;SceSysmem_stub;SceKernelThreadMgr_stub;SceKernelModulemgr_stub;SceIofilemgr_stub;SceProcessmgr_stub;SceLibKernel_stub;SceNet_stub]
  implicit dirs: [c:/msys64/usr/local/vitasdk/lib/gcc/arm-vita-eabi/7.3.0;c:/msys64/usr/local/vitasdk/lib/gcc;c:/msys64/usr/local/vitasdk/arm-vita-eabi/lib]
  implicit fwks: []




Detecting C [-std=c11] compiler features compiled with the following output:
Change Dir: /NCES-PSV/vita/build/CMakeFiles/CMakeTmp

Run Build Command:"/usr/bin/make.exe" "cmTC_42ea8/fast"
/usr/bin/make -f CMakeFiles/cmTC_42ea8.dir/build.make CMakeFiles/cmTC_42ea8.dir/build
make[1]: Entering directory '/NCES-PSV/vita/build/CMakeFiles/CMakeTmp'
Building C object CMakeFiles/cmTC_42ea8.dir/feature_tests.c.obj
/usr/local/vitasdk/bin/arm-vita-eabi-gcc   -Wl,-q    -std=c11 -o CMakeFiles/cmTC_42ea8.dir/feature_tests.c.obj   -c /NCES-PSV/vita/build/CMakeFiles/feature_tests.c
Linking C executable cmTC_42ea8
/usr/bin/cmake.exe -E cmake_link_script CMakeFiles/cmTC_42ea8.dir/link.txt --verbose=1
/usr/local/vitasdk/bin/arm-vita-eabi-gcc  -Wl,-q   -Wl,-z,nocopyreloc  CMakeFiles/cmTC_42ea8.dir/feature_tests.c.obj  -o cmTC_42ea8 
make[1]: Leaving directory '/NCES-PSV/vita/build/CMakeFiles/CMakeTmp'


    Feature record: C_FEATURE:1c_function_prototypes
    Feature record: C_FEATURE:1c_restrict
    Feature record: C_FEATURE:1c_static_assert
    Feature record: C_FEATURE:1c_variadic_macros


Detecting C [-std=c99] compiler features compiled with the following output:
Change Dir: /NCES-PSV/vita/build/CMakeFiles/CMakeTmp

Run Build Command:"/usr/bin/make.exe" "cmTC_6e14b/fast"
/usr/bin/make -f CMakeFiles/cmTC_6e14b.dir/build.make CMakeFiles/cmTC_6e14b.dir/build
make[1]: Entering directory '/NCES-PSV/vita/build/CMakeFiles/CMakeTmp'
Building C object CMakeFiles/cmTC_6e14b.dir/feature_tests.c.obj
/usr/local/vitasdk/bin/arm-vita-eabi-gcc   -Wl,-q    -std=c99 -o CMakeFiles/cmTC_6e14b.dir/feature_tests.c.obj   -c /NCES-PSV/vita/build/CMakeFiles/feature_tests.c
Linking C executable cmTC_6e14b
/usr/bin/cmake.exe -E cmake_link_script CMakeFiles/cmTC_6e14b.dir/link.txt --verbose=1
/usr/local/vitasdk/bin/arm-vita-eabi-gcc  -Wl,-q   -Wl,-z,nocopyreloc  CMakeFiles/cmTC_6e14b.dir/feature_tests.c.obj  -o cmTC_6e14b 
make[1]: Leaving directory '/NCES-PSV/vita/build/CMakeFiles/CMakeTmp'


    Feature record: C_FEATURE:1c_function_prototypes
    Feature record: C_FEATURE:1c_restrict
    Feature record: C_FEATURE:0c_static_assert
    Feature record: C_FEATURE:1c_variadic_macros


Detecting C [-std=c90] compiler features compiled with the following output:
Change Dir: /NCES-PSV/vita/build/CMakeFiles/CMakeTmp

Run Build Command:"/usr/bin/make.exe" "cmTC_1ed6d/fast"
/usr/bin/make -f CMakeFiles/cmTC_1ed6d.dir/build.make CMakeFiles/cmTC_1ed6d.dir/build
make[1]: Entering directory '/NCES-PSV/vita/build/CMakeFiles/CMakeTmp'
Building C object CMakeFiles/cmTC_1ed6d.dir/feature_tests.c.obj
/usr/local/vitasdk/bin/arm-vita-eabi-gcc   -Wl,-q    -std=c90 -o CMakeFiles/cmTC_1ed6d.dir/feature_tests.c.obj   -c /NCES-PSV/vita/build/CMakeFiles/feature_tests.c
Linking C executable cmTC_1ed6d
/usr/bin/cmake.exe -E cmake_link_script CMakeFiles/cmTC_1ed6d.dir/link.txt --verbose=1
/usr/local/vitasdk/bin/arm-vita-eabi-gcc  -Wl,-q   -Wl,-z,nocopyreloc  CMakeFiles/cmTC_1ed6d.dir/feature_tests.c.obj  -o cmTC_1ed6d 
make[1]: Leaving directory '/NCES-PSV/vita/build/CMakeFiles/CMakeTmp'


    Feature record: C_FEATURE:1c_function_prototypes
    Feature record: C_FEATURE:0c_restrict
    Feature record: C_FEATURE:0c_static_assert
    Feature record: C_FEATURE:0c_variadic_macros
Determining if the CXX compiler works passed with the following output:
Change Dir: /NCES-PSV/vita/build/CMakeFiles/CMakeTmp

Run Build Command:"/usr/bin/make.exe" "cmTC_f7f30/fast"
/usr/bin/make -f CMakeFiles/cmTC_f7f30.dir/build.make CMakeFiles/cmTC_f7f30.dir/build
make[1]: Entering directory '/NCES-PSV/vita/build/CMakeFiles/CMakeTmp'
Building CXX object CMakeFiles/cmTC_f7f30.dir/testCXXCompiler.cxx.obj
/usr/local/vitasdk/bin/arm-vita-eabi-g++    -Wl,-q    -o CMakeFiles/cmTC_f7f30.dir/testCXXCompiler.cxx.obj -c /NCES-PSV/vita/build/CMakeFiles/CMakeTmp/testCXXCompiler.cxx
Linking CXX executable cmTC_f7f30
/usr/bin/cmake.exe -E cmake_link_script CMakeFiles/cmTC_f7f30.dir/link.txt --verbose=1
/usr/local/vitasdk/bin/arm-vita-eabi-g++   -Wl,-q   -Wl,-z,nocopyreloc  CMakeFiles/cmTC_f7f30.dir/testCXXCompiler.cxx.obj  -o cmTC_f7f30 
make[1]: Leaving directory '/NCES-PSV/vita/build/CMakeFiles/CMakeTmp'


Detecting CXX compiler ABI info compiled with the following output:
Change Dir: /NCES-PSV/vita/build/CMakeFiles/CMakeTmp

Run Build Command:"/usr/bin/make.exe" "cmTC_513df/fast"
/usr/bin/make -f CMakeFiles/cmTC_513df.dir/build.make CMakeFiles/cmTC_513df.dir/build
make[1]: Entering directory '/NCES-PSV/vita/build/CMakeFiles/CMakeTmp'
Building CXX object CMakeFiles/cmTC_513df.dir/CMakeCXXCompilerABI.cpp.obj
/usr/local/vitasdk/bin/arm-vita-eabi-g++    -Wl,-q    -o CMakeFiles/cmTC_513df.dir/CMakeCXXCompilerABI.cpp.obj -c /usr/share/cmake-3.10.2/Modules/CMakeCXXCompilerABI.cpp
Linking CXX executable cmTC_513df
/usr/bin/cmake.exe -E cmake_link_script CMakeFiles/cmTC_513df.dir/link.txt --verbose=1
/usr/local/vitasdk/bin/arm-vita-eabi-g++   -Wl,-q   -Wl,-z,nocopyreloc -v CMakeFiles/cmTC_513df.dir/CMakeCXXCompilerABI.cpp.obj  -o cmTC_513df 
Using built-in specs.
COLLECT_GCC=C:\msys64\usr\local\vitasdk\bin\arm-vita-eabi-g++.exe
COLLECT_LTO_WRAPPER=c:/msys64/usr/local/vitasdk/bin/../lib/gcc/arm-vita-eabi/7.3.0/lto-wrapper.exe
Target: arm-vita-eabi
Configured with: /home/travis/build/vitasdk/autobuilds/buildscripts/build/gcc-final-prefix/src/gcc-final/configure --build=x86_64-linux-gnu --host=x86_64-w64-mingw32 --target=arm-vita-eabi --prefix=/home/travis/build/vitasdk/autobuilds/buildscripts/build/vitasdk --libdir=/home/travis/build/vitasdk/autobuilds/buildscripts/build/vitasdk/lib --libexecdir=/home/travis/build/vitasdk/autobuilds/buildscripts/build/vitasdk/lib --with-sysroot=/home/travis/build/vitasdk/autobuilds/buildscripts/build/vitasdk/arm-vita-eabi --with-gmp=/home/travis/build/vitasdk/autobuilds/buildscripts/build/deps_host --with-mpfr=/home/travis/build/vitasdk/autobuilds/buildscripts/build/deps_host --with-mpc=/home/travis/build/vitasdk/autobuilds/buildscripts/build/deps_host --with-isl=/home/travis/build/vitasdk/autobuilds/buildscripts/build/deps_host --with-libelf=/home/travis/build/vitasdk/autobuilds/buildscripts/build/deps_host --with-python-dir=share/gcc-arm-vita-eabi --enable-languages=c,c++ --disable-decimal-float --disable-libffi --disable-libgomp --disable-libmudflap --disable-libquadmath --disable-libssp --disable-libstdcxx-pch --disable-nls --disable-shared --disable-tls --with-gnu-as --with-gnu-ld --with-newlib --disable-multilib --with-arch=armv7-a --with-tune=cortex-a9 --with-fpu=neon --with-float=hard --with-mode=thumb --with-pkgversion='GNU Tools for ARM Embedded Processors' --with-host-libstdcxx='-static-libgcc -Wl,-Bstatic,-lstdc++,-Bdynamic -lm' --with-headers=yes --enable-threads=posix
Thread model: posix
gcc version 7.3.0 (GNU Tools for ARM Embedded Processors) 
COMPILER_PATH=c:/msys64/usr/local/vitasdk/bin/../lib/gcc/arm-vita-eabi/7.3.0/;c:/msys64/usr/local/vitasdk/bin/../lib/gcc/;c:/msys64/usr/local/vitasdk/bin/../lib/gcc/arm-vita-eabi/7.3.0/../../../../arm-vita-eabi/bin/
LIBRARY_PATH=c:/msys64/usr/local/vitasdk/bin/../lib/gcc/arm-vita-eabi/7.3.0/;c:/msys64/usr/local/vitasdk/bin/../lib/gcc/;c:/msys64/usr/local/vitasdk/bin/../lib/gcc/arm-vita-eabi/7.3.0/../../../../arm-vita-eabi/lib/;c:/msys64/usr/local/vitasdk/bin/../arm-vita-eabi/lib/
COLLECT_GCC_OPTIONS='-v' '-o' 'cmTC_513df' '-march=armv7-a' '-mtune=cortex-a9' '-mfloat-abi=hard' '-mfpu=neon' '-mthumb'
 c:/msys64/usr/local/vitasdk/bin/../lib/gcc/arm-vita-eabi/7.3.0/collect2.exe -plugin c:/msys64/usr/local/vitasdk/bin/../lib/gcc/arm-vita-eabi/7.3.0/liblto_plugin-0.dll -plugin-opt=c:/msys64/usr/local/vitasdk/bin/../lib/gcc/arm-vita-eabi/7.3.0/lto-wrapper.exe -plugin-opt=-fresolution=C:\msys64\tmp\ccpbA7Pn.res -plugin-opt=-pass-through=-lgcc -plugin-opt=-pass-through=-lc -plugin-opt=-pass-through=-lSceRtc_stub -plugin-opt=-pass-through=-lSceSysmem_stub -plugin-opt=-pass-through=-lSceKernelThreadMgr_stub -plugin-opt=-pass-through=-lSceKernelModulemgr_stub -plugin-opt=-pass-through=-lSceIofilemgr_stub -plugin-opt=-pass-through=-lSceProcessmgr_stub -plugin-opt=-pass-through=-lSceLibKernel_stub -plugin-opt=-pass-through=-lSceNet_stub --sysroot=c:\msys64\usr\local\vitasdk\bin\../arm-vita-eabi -X -o cmTC_513df c:/msys64/usr/local/vitasdk/bin/../lib/gcc/arm-vita-eabi/7.3.0/crti.o c:/msys64/usr/local/vitasdk/bin/../lib/gcc/arm-vita-eabi/7.3.0/crtbegin.o c:/msys64/usr/local/vitasdk/bin/../lib/gcc/arm-vita-eabi/7.3.0/../../../../arm-vita-eabi/lib/crt0.o -Lc:/msys64/usr/local/vitasdk/bin/../lib/gcc/arm-vita-eabi/7.3.0 -Lc:/msys64/usr/local/vitasdk/bin/../lib/gcc -Lc:/msys64/usr/local/vitasdk/bin/../lib/gcc/arm-vita-eabi/7.3.0/../../../../arm-vita-eabi/lib -Lc:/msys64/usr/local/vitasdk/bin/../arm-vita-eabi/lib -q -z nocopyreloc CMakeFiles/cmTC_513df.dir/CMakeCXXCompilerABI.cpp.obj -lstdc++ -lm --start-group -lgcc -lc -lSceRtc_stub -lSceSysmem_stub -lSceKernelThreadMgr_stub -lSceKernelModulemgr_stub -lSceIofilemgr_stub -lSceProcessmgr_stub -lSceLibKernel_stub -lSceNet_stub --end-group c:/msys64/usr/local/vitasdk/bin/../lib/gcc/arm-vita-eabi/7.3.0/crtend.o c:/msys64/usr/local/vitasdk/bin/../lib/gcc/arm-vita-eabi/7.3.0/crtn.o
COLLECT_GCC_OPTIONS='-v' '-o' 'cmTC_513df' '-march=armv7-a' '-mtune=cortex-a9' '-mfloat-abi=hard' '-mfpu=neon' '-mthumb'
make[1]: Leaving directory '/NCES-PSV/vita/build/CMakeFiles/CMakeTmp'


Parsed CXX implicit link information from above output:
  link line regex: [^( *|.*[/\])(arm-vita-eabi-ld|CMAKE_LINK_STARTFILE-NOTFOUND|([^/\]+-)?ld|collect2)[^/\]*( |$)]
  ignore line: [Change Dir: /NCES-PSV/vita/build/CMakeFiles/CMakeTmp]
  ignore line: []
  ignore line: [Run Build Command:"/usr/bin/make.exe" "cmTC_513df/fast"]
  ignore line: [/usr/bin/make -f CMakeFiles/cmTC_513df.dir/build.make CMakeFiles/cmTC_513df.dir/build]
  ignore line: [make[1]: Entering directory '/NCES-PSV/vita/build/CMakeFiles/CMakeTmp']
  ignore line: [Building CXX object CMakeFiles/cmTC_513df.dir/CMakeCXXCompilerABI.cpp.obj]
  ignore line: [/usr/local/vitasdk/bin/arm-vita-eabi-g++    -Wl,-q    -o CMakeFiles/cmTC_513df.dir/CMakeCXXCompilerABI.cpp.obj -c /usr/share/cmake-3.10.2/Modules/CMakeCXXCompilerABI.cpp]
  ignore line: [Linking CXX executable cmTC_513df]
  ignore line: [/usr/bin/cmake.exe -E cmake_link_script CMakeFiles/cmTC_513df.dir/link.txt --verbose=1]
  ignore line: [/usr/local/vitasdk/bin/arm-vita-eabi-g++   -Wl,-q   -Wl,-z,nocopyreloc -v CMakeFiles/cmTC_513df.dir/CMakeCXXCompilerABI.cpp.obj  -o cmTC_513df ]
  ignore line: [Using built-in specs.]
  ignore line: [COLLECT_GCC=C:\msys64\usr\local\vitasdk\bin\arm-vita-eabi-g++.exe]
  ignore line: [COLLECT_LTO_WRAPPER=c:/msys64/usr/local/vitasdk/bin/../lib/gcc/arm-vita-eabi/7.3.0/lto-wrapper.exe]
  ignore line: [Target: arm-vita-eabi]
  ignore line: [Configured with: /home/travis/build/vitasdk/autobuilds/buildscripts/build/gcc-final-prefix/src/gcc-final/configure --build=x86_64-linux-gnu --host=x86_64-w64-mingw32 --target=arm-vita-eabi --prefix=/home/travis/build/vitasdk/autobuilds/buildscripts/build/vitasdk --libdir=/home/travis/build/vitasdk/autobuilds/buildscripts/build/vitasdk/lib --libexecdir=/home/travis/build/vitasdk/autobuilds/buildscripts/build/vitasdk/lib --with-sysroot=/home/travis/build/vitasdk/autobuilds/buildscripts/build/vitasdk/arm-vita-eabi --with-gmp=/home/travis/build/vitasdk/autobuilds/buildscripts/build/deps_host --with-mpfr=/home/travis/build/vitasdk/autobuilds/buildscripts/build/deps_host --with-mpc=/home/travis/build/vitasdk/autobuilds/buildscripts/build/deps_host --with-isl=/home/travis/build/vitasdk/autobuilds/buildscripts/build/deps_host --with-libelf=/home/travis/build/vitasdk/autobuilds/buildscripts/build/deps_host --with-python-dir=share/gcc-arm-vita-eabi --enable-languages=c,c++ --disable-decimal-float --disable-libffi --disable-libgomp --disable-libmudflap --disable-libquadmath --disable-libssp --disable-libstdcxx-pch --disable-nls --disable-shared --disable-tls --with-gnu-as --with-gnu-ld --with-newlib --disable-multilib --with-arch=armv7-a --with-tune=cortex-a9 --with-fpu=neon --with-float=hard --with-mode=thumb --with-pkgversion='GNU Tools for ARM Embedded Processors' --with-host-libstdcxx='-static-libgcc -Wl,-Bstatic,-lstdc++,-Bdynamic -lm' --with-headers=yes --enable-threads=posix]
  ignore line: [Thread model: posix]
  ignore line: [gcc version 7.3.0 (GNU Tools for ARM Embedded Processors) ]
  ignore line: [COMPILER_PATH=c:/msys64/usr/local/vitasdk/bin/../lib/gcc/arm-vita-eabi/7.3.0/]
  ignore line: [c:/msys64/usr/local/vitasdk/bin/../lib/gcc/]
  ignore line: [c:/msys64/usr/local/vitasdk/bin/../lib/gcc/arm-vita-eabi/7.3.0/../../../../arm-vita-eabi/bin/]
  ignore line: [LIBRARY_PATH=c:/msys64/usr/local/vitasdk/bin/../lib/gcc/arm-vita-eabi/7.3.0/]
  ignore line: [c:/msys64/usr/local/vitasdk/bin/../lib/gcc/]
  ignore line: [c:/msys64/usr/local/vitasdk/bin/../lib/gcc/arm-vita-eabi/7.3.0/../../../../arm-vita-eabi/lib/]
  ignore line: [c:/msys64/usr/local/vitasdk/bin/../arm-vita-eabi/lib/]
  ignore line: [COLLECT_GCC_OPTIONS='-v' '-o' 'cmTC_513df' '-march=armv7-a' '-mtune=cortex-a9' '-mfloat-abi=hard' '-mfpu=neon' '-mthumb']
  link line: [ c:/msys64/usr/local/vitasdk/bin/../lib/gcc/arm-vita-eabi/7.3.0/collect2.exe -plugin c:/msys64/usr/local/vitasdk/bin/../lib/gcc/arm-vita-eabi/7.3.0/liblto_plugin-0.dll -plugin-opt=c:/msys64/usr/local/vitasdk/bin/../lib/gcc/arm-vita-eabi/7.3.0/lto-wrapper.exe -plugin-opt=-fresolution=C:\msys64\tmp\ccpbA7Pn.res -plugin-opt=-pass-through=-lgcc -plugin-opt=-pass-through=-lc -plugin-opt=-pass-through=-lSceRtc_stub -plugin-opt=-pass-through=-lSceSysmem_stub -plugin-opt=-pass-through=-lSceKernelThreadMgr_stub -plugin-opt=-pass-through=-lSceKernelModulemgr_stub -plugin-opt=-pass-through=-lSceIofilemgr_stub -plugin-opt=-pass-through=-lSceProcessmgr_stub -plugin-opt=-pass-through=-lSceLibKernel_stub -plugin-opt=-pass-through=-lSceNet_stub --sysroot=c:\msys64\usr\local\vitasdk\bin\../arm-vita-eabi -X -o cmTC_513df c:/msys64/usr/local/vitasdk/bin/../lib/gcc/arm-vita-eabi/7.3.0/crti.o c:/msys64/usr/local/vitasdk/bin/../lib/gcc/arm-vita-eabi/7.3.0/crtbegin.o c:/msys64/usr/local/vitasdk/bin/../lib/gcc/arm-vita-eabi/7.3.0/../../../../arm-vita-eabi/lib/crt0.o -Lc:/msys64/usr/local/vitasdk/bin/../lib/gcc/arm-vita-eabi/7.3.0 -Lc:/msys64/usr/local/vitasdk/bin/../lib/gcc -Lc:/msys64/usr/local/vitasdk/bin/../lib/gcc/arm-vita-eabi/7.3.0/../../../../arm-vita-eabi/lib -Lc:/msys64/usr/local/vitasdk/bin/../arm-vita-eabi/lib -q -z nocopyreloc CMakeFiles/cmTC_513df.dir/CMakeCXXCompilerABI.cpp.obj -lstdc++ -lm --start-group -lgcc -lc -lSceRtc_stub -lSceSysmem_stub -lSceKernelThreadMgr_stub -lSceKernelModulemgr_stub -lSceIofilemgr_stub -lSceProcessmgr_stub -lSceLibKernel_stub -lSceNet_stub --end-group c:/msys64/usr/local/vitasdk/bin/../lib/gcc/arm-vita-eabi/7.3.0/crtend.o c:/msys64/usr/local/vitasdk/bin/../lib/gcc/arm-vita-eabi/7.3.0/crtn.o]
    arg [c:/msys64/usr/local/vitasdk/bin/../lib/gcc/arm-vita-eabi/7.3.0/collect2.exe] ==> ignore
    arg [-plugin] ==> ignore
    arg [c:/msys64/usr/local/vitasdk/bin/../lib/gcc/arm-vita-eabi/7.3.0/liblto_plugin-0.dll] ==> ignore
    arg [-plugin-opt=c:/msys64/usr/local/vitasdk/bin/../lib/gcc/arm-vita-eabi/7.3.0/lto-wrapper.exe] ==> ignore
    arg [-plugin-opt=-fresolution=C:msys64tmpccpbA7Pn.res] ==> ignore
    arg [-plugin-opt=-pass-through=-lgcc] ==> ignore
    arg [-plugin-opt=-pass-through=-lc] ==> ignore
    arg [-plugin-opt=-pass-through=-lSceRtc_stub] ==> ignore
    arg [-plugin-opt=-pass-through=-lSceSysmem_stub] ==> ignore
    arg [-plugin-opt=-pass-through=-lSceKernelThreadMgr_stub] ==> ignore
    arg [-plugin-opt=-pass-through=-lSceKernelModulemgr_stub] ==> ignore
    arg [-plugin-opt=-pass-through=-lSceIofilemgr_stub] ==> ignore
    arg [-plugin-opt=-pass-through=-lSceProcessmgr_stub] ==> ignore
    arg [-plugin-opt=-pass-through=-lSceLibKernel_stub] ==> ignore
    arg [-plugin-opt=-pass-through=-lSceNet_stub] ==> ignore
    arg [--sysroot=c:msys64usrlocalvitasdkbin../arm-vita-eabi] ==> ignore
    arg [-X] ==> ignore
    arg [-o] ==> ignore
    arg [cmTC_513df] ==> ignore
    arg [c:/msys64/usr/local/vitasdk/bin/../lib/gcc/arm-vita-eabi/7.3.0/crti.o] ==> ignore
    arg [c:/msys64/usr/local/vitasdk/bin/../lib/gcc/arm-vita-eabi/7.3.0/crtbegin.o] ==> ignore
    arg [c:/msys64/usr/local/vitasdk/bin/../lib/gcc/arm-vita-eabi/7.3.0/../../../../arm-vita-eabi/lib/crt0.o] ==> ignore
    arg [-Lc:/msys64/usr/local/vitasdk/bin/../lib/gcc/arm-vita-eabi/7.3.0] ==> dir [c:/msys64/usr/local/vitasdk/bin/../lib/gcc/arm-vita-eabi/7.3.0]
    arg [-Lc:/msys64/usr/local/vitasdk/bin/../lib/gcc] ==> dir [c:/msys64/usr/local/vitasdk/bin/../lib/gcc]
    arg [-Lc:/msys64/usr/local/vitasdk/bin/../lib/gcc/arm-vita-eabi/7.3.0/../../../../arm-vita-eabi/lib] ==> dir [c:/msys64/usr/local/vitasdk/bin/../lib/gcc/arm-vita-eabi/7.3.0/../../../../arm-vita-eabi/lib]
    arg [-Lc:/msys64/usr/local/vitasdk/bin/../arm-vita-eabi/lib] ==> dir [c:/msys64/usr/local/vitasdk/bin/../arm-vita-eabi/lib]
    arg [-q] ==> ignore
    arg [-znocopyreloc] ==> ignore
    arg [CMakeFiles/cmTC_513df.dir/CMakeCXXCompilerABI.cpp.obj] ==> ignore
    arg [-lstdc++] ==> lib [stdc++]
    arg [-lm] ==> lib [m]
    arg [--start-group] ==> ignore
    arg [-lgcc] ==> lib [gcc]
    arg [-lc] ==> lib [c]
    arg [-lSceRtc_stub] ==> lib [SceRtc_stub]
    arg [-lSceSysmem_stub] ==> lib [SceSysmem_stub]
    arg [-lSceKernelThreadMgr_stub] ==> lib [SceKernelThreadMgr_stub]
    arg [-lSceKernelModulemgr_stub] ==> lib [SceKernelModulemgr_stub]
    arg [-lSceIofilemgr_stub] ==> lib [SceIofilemgr_stub]
    arg [-lSceProcessmgr_stub] ==> lib [SceProcessmgr_stub]
    arg [-lSceLibKernel_stub] ==> lib [SceLibKernel_stub]
    arg [-lSceNet_stub] ==> lib [SceNet_stub]
    arg [--end-group] ==> ignore
    arg [c:/msys64/usr/local/vitasdk/bin/../lib/gcc/arm-vita-eabi/7.3.0/crtend.o] ==> ignore
    arg [c:/msys64/usr/local/vitasdk/bin/../lib/gcc/arm-vita-eabi/7.3.0/crtn.o] ==> ignore
  collapse library dir [c:/msys64/usr/local/vitasdk/bin/../lib/gcc/arm-vita-eabi/7.3.0] ==> [c:/msys64/usr/local/vitasdk/lib/gcc/arm-vita-eabi/7.3.0]
  collapse library dir [c:/msys64/usr/local/vitasdk/bin/../lib/gcc] ==> [c:/msys64/usr/local/vitasdk/lib/gcc]
  collapse library dir [c:/msys64/usr/local/vitasdk/bin/../lib/gcc/arm-vita-eabi/7.3.0/../../../../arm-vita-eabi/lib] ==> [c:/msys64/usr/local/vitasdk/arm-vita-eabi/lib]
  collapse library dir [c:/msys64/usr/local/vitasdk/bin/../arm-vita-eabi/lib] ==> [c:/msys64/usr/local/vitasdk/arm-vita-eabi/lib]
  implicit libs: [stdc++;m;gcc;c;SceRtc_stub;SceSysmem_stub;SceKernelThreadMgr_stub;SceKernelModulemgr_stub;SceIofilemgr_stub;SceProcessmgr_stub;SceLibKernel_stub;SceNet_stub]
  implicit dirs: [c:/msys64/usr/local/vitasdk/lib/gcc/arm-vita-eabi/7.3.0;c:/msys64/usr/local/vitasdk/lib/gcc;c:/msys64/usr/local/vitasdk/arm-vita-eabi/lib]
  implicit fwks: []




Detecting CXX [-std=c++1z] compiler features compiled with the following output:
Change Dir: /NCES-PSV/vita/build/CMakeFiles/CMakeTmp

Run Build Command:"/usr/bin/make.exe" "cmTC_bdfa9/fast"
/usr/bin/make -f CMakeFiles/cmTC_bdfa9.dir/build.make CMakeFiles/cmTC_bdfa9.dir/build
make[1]: Entering directory '/NCES-PSV/vita/build/CMakeFiles/CMakeTmp'
Building CXX object CMakeFiles/cmTC_bdfa9.dir/feature_tests.cxx.obj
/usr/local/vitasdk/bin/arm-vita-eabi-g++    -Wl,-q    -std=c++1z -o CMakeFiles/cmTC_bdfa9.dir/feature_tests.cxx.obj -c /NCES-PSV/vita/build/CMakeFiles/feature_tests.cxx
Linking CXX executable cmTC_bdfa9
/usr/bin/cmake.exe -E cmake_link_script CMakeFiles/cmTC_bdfa9.dir/link.txt --verbose=1
/usr/local/vitasdk/bin/arm-vita-eabi-g++   -Wl,-q   -Wl,-z,nocopyreloc  CMakeFiles/cmTC_bdfa9.dir/feature_tests.cxx.obj  -o cmTC_bdfa9 
make[1]: Leaving directory '/NCES-PSV/vita/build/CMakeFiles/CMakeTmp'


    Feature record: CXX_FEATURE:1cxx_aggregate_default_initializers
    Feature record: CXX_FEATURE:1cxx_alias_templates
    Feature record: CXX_FEATURE:1cxx_alignas
    Feature record: CXX_FEATURE:1cxx_alignof
    Feature record: CXX_FEATURE:1cxx_attributes
    Feature record: CXX_FEATURE:1cxx_attribute_deprecated
    Feature record: CXX_FEATURE:1cxx_auto_type
    Feature record: CXX_FEATURE:1cxx_binary_literals
    Feature record: CXX_FEATURE:1cxx_constexpr
    Feature record: CXX_FEATURE:1cxx_contextual_conversions
    Feature record: CXX_FEATURE:1cxx_decltype
    Feature record: CXX_FEATURE:1cxx_decltype_auto
    Feature record: CXX_FEATURE:1cxx_decltype_incomplete_return_types
    Feature record: CXX_FEATURE:1cxx_default_function_template_args
    Feature record: CXX_FEATURE:1cxx_defaulted_functions
    Feature record: CXX_FEATURE:1cxx_defaulted_move_initializers
    Feature record: CXX_FEATURE:1cxx_delegating_constructors
    Feature record: CXX_FEATURE:1cxx_deleted_functions
    Feature record: CXX_FEATURE:1cxx_digit_separators
    Feature record: CXX_FEATURE:1cxx_enum_forward_declarations
    Feature record: CXX_FEATURE:1cxx_explicit_conversions
    Feature record: CXX_FEATURE:1cxx_extended_friend_declarations
    Feature record: CXX_FEATURE:1cxx_extern_templates
    Feature record: CXX_FEATURE:1cxx_final
    Feature record: CXX_FEATURE:1cxx_func_identifier
    Feature record: CXX_FEATURE:1cxx_generalized_initializers
    Feature record: CXX_FEATURE:1cxx_generic_lambdas
    Feature record: CXX_FEATURE:1cxx_inheriting_constructors
    Feature record: CXX_FEATURE:1cxx_inline_namespaces
    Feature record: CXX_FEATURE:1cxx_lambdas
    Feature record: CXX_FEATURE:1cxx_lambda_init_captures
    Feature record: CXX_FEATURE:1cxx_local_type_template_args
    Feature record: CXX_FEATURE:1cxx_long_long_type
    Feature record: CXX_FEATURE:1cxx_noexcept
    Feature record: CXX_FEATURE:1cxx_nonstatic_member_init
    Feature record: CXX_FEATURE:1cxx_nullptr
    Feature record: CXX_FEATURE:1cxx_override
    Feature record: CXX_FEATURE:1cxx_range_for
    Feature record: CXX_FEATURE:1cxx_raw_string_literals
    Feature record: CXX_FEATURE:1cxx_reference_qualified_functions
    Feature record: CXX_FEATURE:1cxx_relaxed_constexpr
    Feature record: CXX_FEATURE:1cxx_return_type_deduction
    Feature record: CXX_FEATURE:1cxx_right_angle_brackets
    Feature record: CXX_FEATURE:1cxx_rvalue_references
    Feature record: CXX_FEATURE:1cxx_sizeof_member
    Feature record: CXX_FEATURE:1cxx_static_assert
    Feature record: CXX_FEATURE:1cxx_strong_enums
    Feature record: CXX_FEATURE:1cxx_template_template_parameters
    Feature record: CXX_FEATURE:1cxx_thread_local
    Feature record: CXX_FEATURE:1cxx_trailing_return_types
    Feature record: CXX_FEATURE:1cxx_unicode_literals
    Feature record: CXX_FEATURE:1cxx_uniform_initialization
    Feature record: CXX_FEATURE:1cxx_unrestricted_unions
    Feature record: CXX_FEATURE:1cxx_user_literals
    Feature record: CXX_FEATURE:1cxx_variable_templates
    Feature record: CXX_FEATURE:1cxx_variadic_macros
    Feature record: CXX_FEATURE:1cxx_variadic_templates


Detecting CXX [-std=c++14] compiler features compiled with the following output:
Change Dir: /NCES-PSV/vita/build/CMakeFiles/CMakeTmp

Run Build Command:"/usr/bin/make.exe" "cmTC_cd9c6/fast"
/usr/bin/make -f CMakeFiles/cmTC_cd9c6.dir/build.make CMakeFiles/cmTC_cd9c6.dir/build
make[1]: Entering directory '/NCES-PSV/vita/build/CMakeFiles/CMakeTmp'
Building CXX object CMakeFiles/cmTC_cd9c6.dir/feature_tests.cxx.obj
/usr/local/vitasdk/bin/arm-vita-eabi-g++    -Wl,-q    -std=c++14 -o CMakeFiles/cmTC_cd9c6.dir/feature_tests.cxx.obj -c /NCES-PSV/vita/build/CMakeFiles/feature_tests.cxx
Linking CXX executable cmTC_cd9c6
/usr/bin/cmake.exe -E cmake_link_script CMakeFiles/cmTC_cd9c6.dir/link.txt --verbose=1
/usr/local/vitasdk/bin/arm-vita-eabi-g++   -Wl,-q   -Wl,-z,nocopyreloc  CMakeFiles/cmTC_cd9c6.dir/feature_tests.cxx.obj  -o cmTC_cd9c6 
make[1]: Leaving directory '/NCES-PSV/vita/build/CMakeFiles/CMakeTmp'


    Feature record: CXX_FEATURE:1cxx_aggregate_default_initializers
    Feature record: CXX_FEATURE:1cxx_alias_templates
    Feature record: CXX_FEATURE:1cxx_alignas
    Feature record: CXX_FEATURE:1cxx_alignof
    Feature record: CXX_FEATURE:1cxx_attributes
    Feature record: CXX_FEATURE:1cxx_attribute_deprecated
    Feature record: CXX_FEATURE:1cxx_auto_type
    Feature record: CXX_FEATURE:1cxx_binary_literals
    Feature record: CXX_FEATURE:1cxx_constexpr
    Feature record: CXX_FEATURE:1cxx_contextual_conversions
    Feature record: CXX_FEATURE:1cxx_decltype
    Feature record: CXX_FEATURE:1cxx_decltype_auto
    Feature record: CXX_FEATURE:1cxx_decltype_incomplete_return_types
    Feature record: CXX_FEATURE:1cxx_default_function_template_args
    Feature record: CXX_FEATURE:1cxx_defaulted_functions
    Feature record: CXX_FEATURE:1cxx_defaulted_move_initializers
    Feature record: CXX_FEATURE:1cxx_delegating_constructors
    Feature record: CXX_FEATURE:1cxx_deleted_functions
    Feature record: CXX_FEATURE:1cxx_digit_separators
    Feature record: CXX_FEATURE:1cxx_enum_forward_declarations
    Feature record: CXX_FEATURE:1cxx_explicit_conversions
    Feature record: CXX_FEATURE:1cxx_extended_friend_declarations
    Feature record: CXX_FEATURE:1cxx_extern_templates
    Feature record: CXX_FEATURE:1cxx_final
    Feature record: CXX_FEATURE:1cxx_func_identifier
    Feature record: CXX_FEATURE:1cxx_generalized_initializers
    Feature record: CXX_FEATURE:1cxx_generic_lambdas
    Feature record: CXX_FEATURE:1cxx_inheriting_constructors
    Feature record: CXX_FEATURE:1cxx_inline_namespaces
    Feature record: CXX_FEATURE:1cxx_lambdas
    Feature record: CXX_FEATURE:1cxx_lambda_init_captures
    Feature record: CXX_FEATURE:1cxx_local_type_template_args
    Feature record: CXX_FEATURE:1cxx_long_long_type
    Feature record: CXX_FEATURE:1cxx_noexcept
    Feature record: CXX_FEATURE:1cxx_nonstatic_member_init
    Feature record: CXX_FEATURE:1cxx_nullptr
    Feature record: CXX_FEATURE:1cxx_override
    Feature record: CXX_FEATURE:1cxx_range_for
    Feature record: CXX_FEATURE:1cxx_raw_string_literals
    Feature record: CXX_FEATURE:1cxx_reference_qualified_functions
    Feature record: CXX_FEATURE:1cxx_relaxed_constexpr
    Feature record: CXX_FEATURE:1cxx_return_type_deduction
    Feature record: CXX_FEATURE:1cxx_right_angle_brackets
    Feature record: CXX_FEATURE:1cxx_rvalue_references
    Feature record: CXX_FEATURE:1cxx_sizeof_member
    Feature record: CXX_FEATURE:1cxx_static_assert
    Feature record: CXX_FEATURE:1cxx_strong_enums
    Feature record: CXX_FEATURE:1cxx_template_template_parameters
    Feature record: CXX_FEATURE:1cxx_thread_local
    Feature record: CXX_FEATURE:1cxx_trailing_return_types
    Feature record: CXX_FEATURE:1cxx_unicode_literals
    Feature record: CXX_FEATURE:1cxx_uniform_initialization
    Feature record: CXX_FEATURE:1cxx_unrestricted_unions
    Feature record: CXX_FEATURE:1cxx_user_literals
    Feature record: CXX_FEATURE:1cxx_variable_templates
    Feature record: CXX_FEATURE:1cxx_variadic_macros
    Feature record: CXX_FEATURE:1cxx_variadic_templates


Detecting CXX [-std=c++11] compiler features compiled with the following output:
Change Dir: /NCES-PSV/vita/build/CMakeFiles/CMakeTmp

Run Build Command:"/usr/bin/make.exe" "cmTC_21f81/fast"
/usr/bin/make -f CMakeFiles/cmTC_21f81.dir/build.make CMakeFiles/cmTC_21f81.dir/build
make[1]: Entering directory '/NCES-PSV/vita/build/CMakeFiles/CMakeTmp'
Building CXX object CMakeFiles/cmTC_21f81.dir/feature_tests.cxx.obj
/usr/local/vitasdk/bin/arm-vita-eabi-g++    -Wl,-q    -std=c++11 -o CMakeFiles/cmTC_21f81.dir/feature_tests.cxx.obj -c /NCES-PSV/vita/build/CMakeFiles/feature_tests.cxx
Linking CXX executable cmTC_21f81
/usr/bin/cmake.exe -E cmake_link_script CMakeFiles/cmTC_21f81.dir/link.txt --verbose=1
/usr/local/vitasdk/bin/arm-vita-eabi-g++   -Wl,-q   -Wl,-z,nocopyreloc  CMakeFiles/cmTC_21f81.dir/feature_tests.cxx.obj  -o cmTC_21f81 
make[1]: Leaving directory '/NCES-PSV/vita/build/CMakeFiles/CMakeTmp'


    Feature record: CXX_FEATURE:0cxx_aggregate_default_initializers
    Feature record: CXX_FEATURE:1cxx_alias_templates
    Feature record: CXX_FEATURE:1cxx_alignas
    Feature record: CXX_FEATURE:1cxx_alignof
    Feature record: CXX_FEATURE:1cxx_attributes
    Feature record: CXX_FEATURE:0cxx_attribute_deprecated
    Feature record: CXX_FEATURE:1cxx_auto_type
    Feature record: CXX_FEATURE:0cxx_binary_literals
    Feature record: CXX_FEATURE:1cxx_constexpr
    Feature record: CXX_FEATURE:0cxx_contextual_conversions
    Feature record: CXX_FEATURE:1cxx_decltype
    Feature record: CXX_FEATURE:0cxx_decltype_auto
    Feature record: CXX_FEATURE:1cxx_decltype_incomplete_return_types
    Feature record: CXX_FEATURE:1cxx_default_function_template_args
    Feature record: CXX_FEATURE:1cxx_defaulted_functions
    Feature record: CXX_FEATURE:1cxx_defaulted_move_initializers
    Feature record: CXX_FEATURE:1cxx_delegating_constructors
    Feature record: CXX_FEATURE:1cxx_deleted_functions
    Feature record: CXX_FEATURE:0cxx_digit_separators
    Feature record: CXX_FEATURE:1cxx_enum_forward_declarations
    Feature record: CXX_FEATURE:1cxx_explicit_conversions
    Feature record: CXX_FEATURE:1cxx_extended_friend_declarations
    Feature record: CXX_FEATURE:1cxx_extern_templates
    Feature record: CXX_FEATURE:1cxx_final
    Feature record: CXX_FEATURE:1cxx_func_identifier
    Feature record: CXX_FEATURE:1cxx_generalized_initializers
    Feature record: CXX_FEATURE:0cxx_generic_lambdas
    Feature record: CXX_FEATURE:1cxx_inheriting_constructors
    Feature record: CXX_FEATURE:1cxx_inline_namespaces
    Feature record: CXX_FEATURE:1cxx_lambdas
    Feature record: CXX_FEATURE:0cxx_lambda_init_captures
    Feature record: CXX_FEATURE:1cxx_local_type_template_args
    Feature record: CXX_FEATURE:1cxx_long_long_type
    Feature record: CXX_FEATURE:1cxx_noexcept
    Feature record: CXX_FEATURE:1cxx_nonstatic_member_init
    Feature record: CXX_FEATURE:1cxx_nullptr
    Feature record: CXX_FEATURE:1cxx_override
    Feature record: CXX_FEATURE:1cxx_range_for
    Feature record: CXX_FEATURE:1cxx_raw_string_literals
    Feature record: CXX_FEATURE:1cxx_reference_qualified_functions
    Feature record: CXX_FEATURE:0cxx_relaxed_constexpr
    Feature record: CXX_FEATURE:0cxx_return_type_deduction
    Feature record: CXX_FEATURE:1cxx_right_angle_brackets
    Feature record: CXX_FEATURE:1cxx_rvalue_references
    Feature record: CXX_FEATURE:1cxx_sizeof_member
    Feature record: CXX_FEATURE:1cxx_static_assert
    Feature record: CXX_FEATURE:1cxx_strong_enums
    Feature record: CXX_FEATURE:1cxx_template_template_parameters
    Feature record: CXX_FEATURE:1cxx_thread_local
    Feature record: CXX_FEATURE:1cxx_trailing_return_types
    Feature record: CXX_FEATURE:1cxx_unicode_literals
    Feature record: CXX_FEATURE:1cxx_uniform_initialization
    Feature record: CXX_FEATURE:1cxx_unrestricted_unions
    Feature record: CXX_FEATURE:1cxx_user_literals
    Feature record: CXX_FEATURE:0cxx_variable_templates
    Feature record: CXX_FEATURE:1cxx_variadic_macros
    Feature record: CXX_FEATURE:1cxx_variadic_templates


Detecting CXX [-std=c++98] compiler features compiled with the following output:
Change Dir: /NCES-PSV/vita/build/CMakeFiles/CMakeTmp

Run Build Command:"/usr/bin/make.exe" "cmTC_12dbf/fast"
/usr/bin/make -f CMakeFiles/cmTC_12dbf.dir/build.make CMakeFiles/cmTC_12dbf.dir/build
make[1]: Entering directory '/NCES-PSV/vita/build/CMakeFiles/CMakeTmp'
Building CXX object CMakeFiles/cmTC_12dbf.dir/feature_tests.cxx.obj
/usr/local/vitasdk/bin/arm-vita-eabi-g++    -Wl,-q    -std=c++98 -o CMakeFiles/cmTC_12dbf.dir/feature_tests.cxx.obj -c /NCES-PSV/vita/build/CMakeFiles/feature_tests.cxx
Linking CXX executable cmTC_12dbf
/usr/bin/cmake.exe -E cmake_link_script CMakeFiles/cmTC_12dbf.dir/link.txt --verbose=1
/usr/local/vitasdk/bin/arm-vita-eabi-g++   -Wl,-q   -Wl,-z,nocopyreloc  CMakeFiles/cmTC_12dbf.dir/feature_tests.cxx.obj  -o cmTC_12dbf 
make[1]: Leaving directory '/NCES-PSV/vita/build/CMakeFiles/CMakeTmp'


    Feature record: CXX_FEATURE:0cxx_aggregate_default_initializers
    Feature record: CXX_FEATURE:0cxx_alias_templates
    Feature record: CXX_FEATURE:0cxx_alignas
    Feature record: CXX_FEATURE:0cxx_alignof
    Feature record: CXX_FEATURE:0cxx_attributes
    Feature record: CXX_FEATURE:0cxx_attribute_deprecated
    Feature record: CXX_FEATURE:0cxx_auto_type
    Feature record: CXX_FEATURE:0cxx_binary_literals
    Feature record: CXX_FEATURE:0cxx_constexpr
    Feature record: CXX_FEATURE:0cxx_contextual_conversions
    Feature record: CXX_FEATURE:0cxx_decltype
    Feature record: CXX_FEATURE:0cxx_decltype_auto
    Feature record: CXX_FEATURE:0cxx_decltype_incomplete_return_types
    Feature record: CXX_FEATURE:0cxx_default_function_template_args
    Feature record: CXX_FEATURE:0cxx_defaulted_functions
    Feature record: CXX_FEATURE:0cxx_defaulted_move_initializers
    Feature record: CXX_FEATURE:0cxx_delegating_constructors
    Feature record: CXX_FEATURE:0cxx_deleted_functions
    Feature record: CXX_FEATURE:0cxx_digit_separators
    Feature record: CXX_FEATURE:0cxx_enum_forward_declarations
    Feature record: CXX_FEATURE:0cxx_explicit_conversions
    Feature record: CXX_FEATURE:0cxx_extended_friend_declarations
    Feature record: CXX_FEATURE:0cxx_extern_templates
    Feature record: CXX_FEATURE:0cxx_final
    Feature record: CXX_FEATURE:0cxx_func_identifier
    Feature record: CXX_FEATURE:0cxx_generalized_initializers
    Feature record: CXX_FEATURE:0cxx_generic_lambdas
    Feature record: CXX_FEATURE:0cxx_inheriting_constructors
    Feature record: CXX_FEATURE:0cxx_inline_namespaces
    Feature record: CXX_FEATURE:0cxx_lambdas
    Feature record: CXX_FEATURE:0cxx_lambda_init_captures
    Feature record: CXX_FEATURE:0cxx_local_type_template_args
    Feature record: CXX_FEATURE:0cxx_long_long_type
    Feature record: CXX_FEATURE:0cxx_noexcept
    Feature record: CXX_FEATURE:0cxx_nonstatic_member_init
    Feature record: CXX_FEATURE:0cxx_nullptr
    Feature record: CXX_FEATURE:0cxx_override
    Feature record: CXX_FEATURE:0cxx_range_for
    Feature record: CXX_FEATURE:0cxx_raw_string_literals
    Feature record: CXX_FEATURE:0cxx_reference_qualified_functions
    Feature record: CXX_FEATURE:0cxx_relaxed_constexpr
    Feature record: CXX_FEATURE:0cxx_return_type_deduction
    Feature record: CXX_FEATURE:0cxx_right_angle_brackets
    Feature record: CXX_FEATURE:0cxx_rvalue_references
    Feature record: CXX_FEATURE:0cxx_sizeof_member
    Feature record: CXX_FEATURE:0cxx_static_assert
    Feature record: CXX_FEATURE:0cxx_strong_enums
    Feature record: CXX_FEATURE:1cxx_template_template_parameters
    Feature record: CXX_FEATURE:0cxx_thread_local
    Feature record: CXX_FEATURE:0cxx_trailing_return_types
    Feature record: CXX_FEATURE:0cxx_unicode_literals
    Feature record: CXX_FEATURE:0cxx_uniform_initialization
    Feature record: CXX_FEATURE:0cxx_unrestricted_unions
    Feature record: CXX_FEATURE:0cxx_user_literals
    Feature record: CXX_FEATURE:0cxx_variable_templates
    Feature record: CXX_FEATURE:0cxx_variadic_macros
    Feature record: CXX_FEATURE:0cxx_variadic_templates
